\BOOKMARK [0][-]{chapter*.6}{Abbildungsverzeichnis}{}% 1
\BOOKMARK [0][-]{chapter*.7}{Tabellenverzeichnis}{}% 2
\BOOKMARK [0][-]{chapter*.8}{Glossar}{}% 3
\BOOKMARK [0][-]{chapter.1}{Einleitung}{}% 4
\BOOKMARK [1][-]{section.1.1}{Motivation}{chapter.1}% 5
\BOOKMARK [1][-]{section.1.2}{Aufgabenstellung}{chapter.1}% 6
\BOOKMARK [1][-]{section.1.3}{Aufbau der Arbeit}{chapter.1}% 7
\BOOKMARK [0][-]{chapter.2}{Grundlagen}{}% 8
\BOOKMARK [1][-]{section.2.1}{Logistik}{chapter.2}% 9
\BOOKMARK [2][-]{subsection.2.1.1}{Definition}{section.2.1}% 10
\BOOKMARK [2][-]{subsection.2.1.2}{Produktionslogistik}{section.2.1}% 11
\BOOKMARK [1][-]{section.2.2}{Produktdatenmanagement}{chapter.2}% 12
\BOOKMARK [2][-]{subsection.2.2.1}{Definition}{section.2.2}% 13
\BOOKMARK [2][-]{subsection.2.2.2}{Fertigungsst\374ckliste\(mBom\)}{section.2.2}% 14
\BOOKMARK [1][-]{section.2.3}{CIM Database}{chapter.2}% 15
\BOOKMARK [2][-]{subsection.2.3.1}{Datadictonary}{section.2.3}% 16
\BOOKMARK [2][-]{subsection.2.3.2}{mBOM Manager}{section.2.3}% 17
\BOOKMARK [0][-]{chapter.3}{Ist-Analyse}{}% 18
\BOOKMARK [0][-]{chapter.4}{Zusammenfassung und Ausblick}{}% 19
\BOOKMARK [1][-]{section.4.1}{Zusammenfassung}{chapter.4}% 20
\BOOKMARK [1][-]{section.4.2}{Ausblick}{chapter.4}% 21
\BOOKMARK [0][-]{chapter*.9}{Literatur}{}% 22
\BOOKMARK [0][-]{appendix.A}{Anhang}{}% 23
